{"/home/willinux/javascript/api_getter/app.js": {"path":"/home/willinux/javascript/api_getter/app.js","statementMap":{"0":{"start":{"line":1,"column":16},"end":{"line":1,"column":34}},"1":{"start":{"line":2,"column":19},"end":{"line":2,"column":41}},"2":{"start":{"line":3,"column":18},"end":{"line":3,"column":44}},"3":{"start":{"line":5,"column":12},"end":{"line":5,"column":21}},"4":{"start":{"line":7,"column":0},"end":{"line":7,"column":27}},"5":{"start":{"line":9,"column":0},"end":{"line":9,"column":27}},"6":{"start":{"line":12,"column":0},"end":{"line":12,"column":21}}},"fnMap":{},"branchMap":{},"s":{"0":1,"1":1,"2":1,"3":1,"4":1,"5":1,"6":1},"f":{},"b":{},"_coverageSchema":"1a1c01bbd47fc00a2c39e90264f33305004495a9","hash":"d1ff41d16c31d53b11d3c105540c18ff5480ae44"}
,"/home/willinux/javascript/api_getter/externalApi.js": {"path":"/home/willinux/javascript/api_getter/externalApi.js","statementMap":{"0":{"start":{"line":1,"column":14},"end":{"line":1,"column":36}},"1":{"start":{"line":4,"column":20},"end":{"line":4,"column":58}},"2":{"start":{"line":5,"column":24},"end":{"line":5,"column":39}},"3":{"start":{"line":8,"column":22},"end":{"line":8,"column":24}},"4":{"start":{"line":9,"column":20},"end":{"line":9,"column":22}},"5":{"start":{"line":10,"column":2},"end":{"line":17,"column":5}},"6":{"start":{"line":11,"column":4},"end":{"line":16,"column":7}},"7":{"start":{"line":12,"column":6},"end":{"line":15,"column":7}},"8":{"start":{"line":13,"column":8},"end":{"line":13,"column":31}},"9":{"start":{"line":14,"column":8},"end":{"line":14,"column":32}},"10":{"start":{"line":18,"column":2},"end":{"line":18,"column":21}},"11":{"start":{"line":22,"column":20},"end":{"line":22,"column":35}},"12":{"start":{"line":23,"column":21},"end":{"line":23,"column":23}},"13":{"start":{"line":24,"column":2},"end":{"line":26,"column":5}},"14":{"start":{"line":25,"column":4},"end":{"line":25,"column":112}},"15":{"start":{"line":25,"column":99},"end":{"line":25,"column":109}},"16":{"start":{"line":27,"column":19},"end":{"line":30,"column":4}},"17":{"start":{"line":29,"column":4},"end":{"line":29,"column":34}},"18":{"start":{"line":31,"column":2},"end":{"line":31,"column":18}},"19":{"start":{"line":35,"column":2},"end":{"line":37,"column":3}},"20":{"start":{"line":36,"column":4},"end":{"line":36,"column":17}},"21":{"start":{"line":38,"column":2},"end":{"line":40,"column":3}},"22":{"start":{"line":39,"column":4},"end":{"line":39,"column":55}},"23":{"start":{"line":39,"column":32},"end":{"line":39,"column":53}},"24":{"start":{"line":41,"column":2},"end":{"line":41,"column":53}},"25":{"start":{"line":41,"column":30},"end":{"line":41,"column":51}},"26":{"start":{"line":45,"column":16},"end":{"line":45,"column":54}},"27":{"start":{"line":46,"column":2},"end":{"line":46,"column":45}},"28":{"start":{"line":49,"column":0},"end":{"line":49,"column":60}}},"fnMap":{"0":{"name":"uniquePostsList","decl":{"start":{"line":7,"column":9},"end":{"line":7,"column":24}},"loc":{"start":{"line":7,"column":39},"end":{"line":19,"column":1}},"line":7},"1":{"name":"(anonymous_1)","decl":{"start":{"line":10,"column":23},"end":{"line":10,"column":24}},"loc":{"start":{"line":10,"column":32},"end":{"line":17,"column":3}},"line":10},"2":{"name":"(anonymous_2)","decl":{"start":{"line":11,"column":24},"end":{"line":11,"column":25}},"loc":{"start":{"line":11,"column":32},"end":{"line":16,"column":5}},"line":11},"3":{"name":"getData","decl":{"start":{"line":21,"column":15},"end":{"line":21,"column":22}},"loc":{"start":{"line":21,"column":63},"end":{"line":32,"column":1}},"line":21},"4":{"name":"(anonymous_4)","decl":{"start":{"line":24,"column":20},"end":{"line":24,"column":21}},"loc":{"start":{"line":24,"column":27},"end":{"line":26,"column":3}},"line":24},"5":{"name":"(anonymous_5)","decl":{"start":{"line":25,"column":92},"end":{"line":25,"column":93}},"loc":{"start":{"line":25,"column":99},"end":{"line":25,"column":109}},"line":25},"6":{"name":"(anonymous_6)","decl":{"start":{"line":28,"column":8},"end":{"line":28,"column":9}},"loc":{"start":{"line":28,"column":17},"end":{"line":30,"column":3}},"line":28},"7":{"name":"sortPosts","decl":{"start":{"line":34,"column":9},"end":{"line":34,"column":18}},"loc":{"start":{"line":34,"column":60},"end":{"line":42,"column":1}},"line":34},"8":{"name":"(anonymous_8)","decl":{"start":{"line":39,"column":22},"end":{"line":39,"column":23}},"loc":{"start":{"line":39,"column":32},"end":{"line":39,"column":53}},"line":39},"9":{"name":"(anonymous_9)","decl":{"start":{"line":41,"column":20},"end":{"line":41,"column":21}},"loc":{"start":{"line":41,"column":30},"end":{"line":41,"column":51}},"line":41},"10":{"name":"getPosts","decl":{"start":{"line":44,"column":15},"end":{"line":44,"column":23}},"loc":{"start":{"line":44,"column":64},"end":{"line":47,"column":1}},"line":44}},"branchMap":{"0":{"loc":{"start":{"line":12,"column":6},"end":{"line":15,"column":7}},"type":"if","locations":[{"start":{"line":12,"column":6},"end":{"line":15,"column":7}},{"start":{},"end":{}}],"line":12},"1":{"loc":{"start":{"line":21,"column":29},"end":{"line":21,"column":42}},"type":"default-arg","locations":[{"start":{"line":21,"column":38},"end":{"line":21,"column":42}}],"line":21},"2":{"loc":{"start":{"line":21,"column":44},"end":{"line":21,"column":61}},"type":"default-arg","locations":[{"start":{"line":21,"column":56},"end":{"line":21,"column":61}}],"line":21},"3":{"loc":{"start":{"line":34,"column":26},"end":{"line":34,"column":39}},"type":"default-arg","locations":[{"start":{"line":34,"column":35},"end":{"line":34,"column":39}}],"line":34},"4":{"loc":{"start":{"line":34,"column":41},"end":{"line":34,"column":58}},"type":"default-arg","locations":[{"start":{"line":34,"column":53},"end":{"line":34,"column":58}}],"line":34},"5":{"loc":{"start":{"line":35,"column":2},"end":{"line":37,"column":3}},"type":"if","locations":[{"start":{"line":35,"column":2},"end":{"line":37,"column":3}},{"start":{},"end":{}}],"line":35},"6":{"loc":{"start":{"line":35,"column":6},"end":{"line":35,"column":46}},"type":"binary-expr","locations":[{"start":{"line":35,"column":6},"end":{"line":35,"column":13}},{"start":{"line":35,"column":17},"end":{"line":35,"column":46}}],"line":35},"7":{"loc":{"start":{"line":38,"column":2},"end":{"line":40,"column":3}},"type":"if","locations":[{"start":{"line":38,"column":2},"end":{"line":40,"column":3}},{"start":{},"end":{}}],"line":38},"8":{"loc":{"start":{"line":38,"column":6},"end":{"line":38,"column":65}},"type":"binary-expr","locations":[{"start":{"line":38,"column":6},"end":{"line":38,"column":25}},{"start":{"line":38,"column":29},"end":{"line":38,"column":65}}],"line":38},"9":{"loc":{"start":{"line":44,"column":30},"end":{"line":44,"column":43}},"type":"default-arg","locations":[{"start":{"line":44,"column":39},"end":{"line":44,"column":43}}],"line":44},"10":{"loc":{"start":{"line":44,"column":45},"end":{"line":44,"column":62}},"type":"default-arg","locations":[{"start":{"line":44,"column":57},"end":{"line":44,"column":62}}],"line":44}},"s":{"0":1,"1":1,"2":1,"3":2,"4":2,"5":2,"6":3,"7":54,"8":46,"9":46,"10":2,"11":2,"12":2,"13":2,"14":3,"15":3,"16":2,"17":2,"18":2,"19":2,"20":0,"21":2,"22":2,"23":129,"24":0,"25":0,"26":2,"27":2,"28":1},"f":{"0":2,"1":3,"2":54,"3":2,"4":3,"5":3,"6":2,"7":2,"8":129,"9":0,"10":2},"b":{"0":[46,8],"1":[0],"2":[0],"3":[0],"4":[0],"5":[0,2],"6":[2,2],"7":[2,0],"8":[2,0],"9":[2],"10":[2]},"_coverageSchema":"1a1c01bbd47fc00a2c39e90264f33305004495a9","hash":"03f56758ba4c5494f100c5ff7e1a11f2d5bf27b9"}
,"/home/willinux/javascript/api_getter/routes/api.js": {"path":"/home/willinux/javascript/api_getter/routes/api.js","statementMap":{"0":{"start":{"line":1,"column":16},"end":{"line":1,"column":34}},"1":{"start":{"line":2,"column":51},"end":{"line":2,"column":79}},"2":{"start":{"line":4,"column":15},"end":{"line":4,"column":31}},"3":{"start":{"line":6,"column":0},"end":{"line":10,"column":3}},"4":{"start":{"line":7,"column":2},"end":{"line":9,"column":5}},"5":{"start":{"line":13,"column":0},"end":{"line":34,"column":3}},"6":{"start":{"line":14,"column":2},"end":{"line":32,"column":3}},"7":{"start":{"line":15,"column":39},"end":{"line":15,"column":48}},"8":{"start":{"line":16,"column":4},"end":{"line":19,"column":5}},"9":{"start":{"line":17,"column":6},"end":{"line":17,"column":68}},"10":{"start":{"line":18,"column":6},"end":{"line":18,"column":13}},"11":{"start":{"line":20,"column":4},"end":{"line":23,"column":5}},"12":{"start":{"line":21,"column":6},"end":{"line":21,"column":69}},"13":{"start":{"line":22,"column":6},"end":{"line":22,"column":13}},"14":{"start":{"line":24,"column":4},"end":{"line":27,"column":5}},"15":{"start":{"line":25,"column":6},"end":{"line":25,"column":72}},"16":{"start":{"line":26,"column":6},"end":{"line":26,"column":13}},"17":{"start":{"line":28,"column":18},"end":{"line":28,"column":56}},"18":{"start":{"line":29,"column":4},"end":{"line":29,"column":24}},"19":{"start":{"line":31,"column":4},"end":{"line":31,"column":55}},"20":{"start":{"line":36,"column":0},"end":{"line":36,"column":24}}},"fnMap":{"0":{"name":"(anonymous_0)","decl":{"start":{"line":6,"column":20},"end":{"line":6,"column":21}},"loc":{"start":{"line":6,"column":34},"end":{"line":10,"column":1}},"line":6},"1":{"name":"(anonymous_1)","decl":{"start":{"line":13,"column":21},"end":{"line":13,"column":22}},"loc":{"start":{"line":13,"column":47},"end":{"line":34,"column":1}},"line":13}},"branchMap":{"0":{"loc":{"start":{"line":16,"column":4},"end":{"line":19,"column":5}},"type":"if","locations":[{"start":{"line":16,"column":4},"end":{"line":19,"column":5}},{"start":{},"end":{}}],"line":16},"1":{"loc":{"start":{"line":20,"column":4},"end":{"line":23,"column":5}},"type":"if","locations":[{"start":{"line":20,"column":4},"end":{"line":23,"column":5}},{"start":{},"end":{}}],"line":20},"2":{"loc":{"start":{"line":20,"column":8},"end":{"line":20,"column":47}},"type":"binary-expr","locations":[{"start":{"line":20,"column":8},"end":{"line":20,"column":14}},{"start":{"line":20,"column":18},"end":{"line":20,"column":47}}],"line":20},"3":{"loc":{"start":{"line":24,"column":4},"end":{"line":27,"column":5}},"type":"if","locations":[{"start":{"line":24,"column":4},"end":{"line":27,"column":5}},{"start":{},"end":{}}],"line":24},"4":{"loc":{"start":{"line":24,"column":8},"end":{"line":24,"column":57}},"type":"binary-expr","locations":[{"start":{"line":24,"column":8},"end":{"line":24,"column":17}},{"start":{"line":24,"column":21},"end":{"line":24,"column":57}}],"line":24}},"s":{"0":1,"1":1,"2":1,"3":1,"4":1,"5":1,"6":5,"7":5,"8":5,"9":1,"10":1,"11":4,"12":1,"13":1,"14":3,"15":1,"16":1,"17":2,"18":2,"19":0,"20":1},"f":{"0":1,"1":5},"b":{"0":[1,4],"1":[1,3],"2":[4,1],"3":[1,2],"4":[3,1]},"_coverageSchema":"1a1c01bbd47fc00a2c39e90264f33305004495a9","hash":"6f48e501f3001b37889bab5f9444a81551e2622a"}
}
