TN:
SF:app.js
FNF:0
FNH:0
DA:1,1
DA:2,1
DA:3,1
DA:5,1
DA:7,1
DA:9,1
DA:12,1
LF:7
LH:7
BRF:0
BRH:0
end_of_record
TN:
SF:externalApi.js
FN:7,uniquePostsList
FN:10,(anonymous_1)
FN:11,(anonymous_2)
FN:21,getData
FN:24,(anonymous_4)
FN:25,(anonymous_5)
FN:28,(anonymous_6)
FN:34,sortPosts
FN:39,(anonymous_8)
FN:41,(anonymous_9)
FN:44,getPosts
FNF:11
FNH:10
FNDA:2,uniquePostsList
FNDA:3,(anonymous_1)
FNDA:54,(anonymous_2)
FNDA:2,getData
FNDA:3,(anonymous_4)
FNDA:3,(anonymous_5)
FNDA:2,(anonymous_6)
FNDA:2,sortPosts
FNDA:129,(anonymous_8)
FNDA:0,(anonymous_9)
FNDA:2,getPosts
DA:1,1
DA:4,1
DA:5,1
DA:8,2
DA:9,2
DA:10,2
DA:11,3
DA:12,54
DA:13,46
DA:14,46
DA:18,2
DA:22,2
DA:23,2
DA:24,2
DA:25,3
DA:27,2
DA:29,2
DA:31,2
DA:35,2
DA:36,0
DA:38,2
DA:39,129
DA:41,0
DA:45,2
DA:46,2
DA:49,1
LF:26
LH:24
BRDA:12,0,0,46
BRDA:12,0,1,8
BRDA:21,1,0,0
BRDA:21,2,0,0
BRDA:34,3,0,0
BRDA:34,4,0,0
BRDA:35,5,0,0
BRDA:35,5,1,2
BRDA:35,6,0,2
BRDA:35,6,1,2
BRDA:38,7,0,2
BRDA:38,7,1,0
BRDA:38,8,0,2
BRDA:38,8,1,0
BRDA:44,9,0,2
BRDA:44,10,0,2
BRF:16
BRH:9
end_of_record
TN:
SF:routes/api.js
FN:6,(anonymous_0)
FN:13,(anonymous_1)
FNF:2
FNH:2
FNDA:1,(anonymous_0)
FNDA:5,(anonymous_1)
DA:1,1
DA:2,1
DA:4,1
DA:6,1
DA:7,1
DA:13,1
DA:14,5
DA:15,5
DA:16,5
DA:17,1
DA:18,1
DA:20,4
DA:21,1
DA:22,1
DA:24,3
DA:25,1
DA:26,1
DA:28,2
DA:29,2
DA:31,0
DA:36,1
LF:21
LH:20
BRDA:16,0,0,1
BRDA:16,0,1,4
BRDA:20,1,0,1
BRDA:20,1,1,3
BRDA:20,2,0,4
BRDA:20,2,1,1
BRDA:24,3,0,1
BRDA:24,3,1,2
BRDA:24,4,0,3
BRDA:24,4,1,1
BRF:10
BRH:10
end_of_record
